[01:51:40] [Server thread/INFO]: Loading properties
[01:51:40] [Server thread/INFO]: This server is running CraftBukkit version git-Spigot-2f5d615-d07a78b (MC: 1.15.2) (Implementing API version 1.15.2-R0.1-SNAPSHOT)
[01:51:40] [Server thread/INFO]: Server Ping Player Sample Count: 12
[01:51:40] [Server thread/INFO]: Using 4 threads for Netty based IO
[01:51:40] [Server thread/INFO]: Debug logging is disabled
[01:51:40] [Server thread/INFO]: Default game type: SURVIVAL
[01:51:40] [Server thread/INFO]: Generating keypair
[01:51:40] [Server thread/INFO]: Starting Minecraft server on 127.0.0.1:20980
[01:51:40] [Server thread/INFO]: Using epoll channel type
[01:51:41] [Server thread/WARN]: Initializing Legacy Material Support. Unless you have legacy plugins and/or data this is a bug!
[01:51:43] [Server thread/WARN]: Legacy plugin CraftserveAgent v20200515-1100 does not specify an api-version.
[01:51:43] [Server thread/ERROR]: Could not load 'plugins/AnvilLogin | AuthMe Support!-31861.jar' in folder 'plugins'
org.bukkit.plugin.UnknownDependencyException: Languagy
	at org.bukkit.plugin.SimplePluginManager.loadPlugins(SimplePluginManager.java:269) [spigot-1.15.2.jar:git-Spigot-2f5d615-d07a78b]
	at org.bukkit.craftbukkit.v1_15_R1.CraftServer.loadPlugins(CraftServer.java:353) [spigot-1.15.2.jar:git-Spigot-2f5d615-d07a78b]
	at net.minecraft.server.v1_15_R1.DedicatedServer.init(DedicatedServer.java:210) [spigot-1.15.2.jar:git-Spigot-2f5d615-d07a78b]
	at net.minecraft.server.v1_15_R1.MinecraftServer.run(MinecraftServer.java:784) [spigot-1.15.2.jar:git-Spigot-2f5d615-d07a78b]
	at java.lang.Thread.run(Thread.java:748) [?:1.8.0_201]
[01:51:43] [Server thread/INFO]: [CraftserveAgent] Loading CraftserveAgent v20200515-1100
[01:51:43] [Server thread/INFO]: [CraftserveAgent] Enabling CraftserveAgent v20200515-1100
[01:51:43] [Server thread/WARN]: SLF4J: Failed to load class "org.slf4j.impl.StaticLoggerBinder".
[01:51:43] [Server thread/WARN]: SLF4J: Defaulting to no-operation (NOP) logger implementation
[01:51:43] [Server thread/WARN]: SLF4J: See http://www.slf4j.org/codes.html#StaticLoggerBinder for further details.
[01:51:43] [Server thread/WARN]: **** SERVER IS RUNNING IN OFFLINE/INSECURE MODE!
[01:51:43] [Server thread/WARN]: The server will make no attempt to authenticate usernames. Beware.
[01:51:43] [Server thread/WARN]: While this makes the game possible to play without internet access, it also opens up the ability for hackers to connect with any username they choose.
[01:51:43] [Server thread/WARN]: To change this, set "online-mode" to "true" in the server.properties file.
[01:51:43] [Server thread/INFO]: Preparing level "world"
[01:51:43] [Server thread/INFO]: Reloading ResourceManager: Default, bukkit
[01:52:08] [Server thread/INFO]: Loaded 6 recipes
[01:52:08] [Server thread/INFO]: -------- World Settings For [world] --------
[01:52:08] [Server thread/INFO]: Mob Spawn Range: 6
[01:52:08] [Server thread/INFO]: Entity Activation Range: An 32 / Mo 32 / Ra 48 / Mi 16 / Tiv true
[01:52:08] [Server thread/INFO]: Entity Tracking Range: Pl 48 / An 48 / Mo 48 / Mi 32 / Other 64
[01:52:08] [Server thread/INFO]: Hopper Transfer: 8 Hopper Check: 1 Hopper Amount: 1
[01:52:08] [Server thread/INFO]: Cactus Growth Modifier: 100%
[01:52:08] [Server thread/INFO]: Cane Growth Modifier: 100%
[01:52:08] [Server thread/INFO]: Melon Growth Modifier: 100%
[01:52:08] [Server thread/INFO]: Mushroom Growth Modifier: 100%
[01:52:08] [Server thread/INFO]: Pumpkin Growth Modifier: 100%
[01:52:08] [Server thread/INFO]: Sapling Growth Modifier: 100%
[01:52:08] [Server thread/INFO]: Beetroot Growth Modifier: 100%
[01:52:08] [Server thread/INFO]: Carrot Growth Modifier: 100%
[01:52:08] [Server thread/INFO]: Potato Growth Modifier: 100%
[01:52:08] [Server thread/INFO]: Wheat Growth Modifier: 100%
[01:52:08] [Server thread/INFO]: NetherWart Growth Modifier: 100%
[01:52:08] [Server thread/INFO]: Vine Growth Modifier: 100%
[01:52:08] [Server thread/INFO]: Cocoa Growth Modifier: 100%
[01:52:08] [Server thread/INFO]: Bamboo Growth Modifier: 100%
[01:52:08] [Server thread/INFO]: SweetBerry Growth Modifier: 100%
[01:52:08] [Server thread/INFO]: Kelp Growth Modifier: 100%
[01:52:08] [Server thread/INFO]: Experience Merge Radius: 3.0
[01:52:08] [Server thread/INFO]: Custom Map Seeds:  Village: 10387312 Desert: 14357617 Igloo: 14357618 Jungle: 14357619 Swamp: 14357620 Monument: 10387313 Ocean: 14357621 Shipwreck: 165745295 End City: 10387313 Slime: 987234911
[01:52:08] [Server thread/INFO]: Max TNT Explosions: 100
[01:52:08] [Server thread/INFO]: Tile Max Tick Time: 50ms Entity max Tick Time: 50ms
[01:52:08] [Server thread/INFO]: View Distance: 10
[01:52:08] [Server thread/INFO]: Allow Zombie Pigmen to spawn from portal blocks: true
[01:52:08] [Server thread/INFO]: Item Despawn Rate: 6000
[01:52:08] [Server thread/INFO]: Item Merge Radius: 2.5
[01:52:08] [Server thread/INFO]: Arrow Despawn Rate: 1200 Trident Respawn Rate:1200
[01:52:08] [Server thread/INFO]: Zombie Aggressive Towards Villager: true
[01:52:08] [Server thread/INFO]: Nerfing mobs spawned from spawners: false
[01:52:08] [Server thread/INFO]: -------- World Settings For [world_nether] --------
[01:52:08] [Server thread/INFO]: Mob Spawn Range: 6
[01:52:08] [Server thread/INFO]: Entity Activation Range: An 32 / Mo 32 / Ra 48 / Mi 16 / Tiv true
[01:52:08] [Server thread/INFO]: Entity Tracking Range: Pl 48 / An 48 / Mo 48 / Mi 32 / Other 64
[01:52:08] [Server thread/INFO]: Hopper Transfer: 8 Hopper Check: 1 Hopper Amount: 1
[01:52:08] [Server thread/INFO]: Cactus Growth Modifier: 100%
[01:52:08] [Server thread/INFO]: Cane Growth Modifier: 100%
[01:52:08] [Server thread/INFO]: Melon Growth Modifier: 100%
[01:52:08] [Server thread/INFO]: Mushroom Growth Modifier: 100%
[01:52:08] [Server thread/INFO]: Pumpkin Growth Modifier: 100%
[01:52:08] [Server thread/INFO]: Sapling Growth Modifier: 100%
[01:52:08] [Server thread/INFO]: Beetroot Growth Modifier: 100%
[01:52:08] [Server thread/INFO]: Carrot Growth Modifier: 100%
[01:52:08] [Server thread/INFO]: Potato Growth Modifier: 100%
[01:52:08] [Server thread/INFO]: Wheat Growth Modifier: 100%
[01:52:08] [Server thread/INFO]: NetherWart Growth Modifier: 100%
[01:52:08] [Server thread/INFO]: Vine Growth Modifier: 100%
[01:52:08] [Server thread/INFO]: Cocoa Growth Modifier: 100%
[01:52:08] [Server thread/INFO]: Bamboo Growth Modifier: 100%
[01:52:08] [Server thread/INFO]: SweetBerry Growth Modifier: 100%
[01:52:08] [Server thread/INFO]: Kelp Growth Modifier: 100%
[01:52:08] [Server thread/INFO]: Experience Merge Radius: 3.0
[01:52:08] [Server thread/INFO]: Custom Map Seeds:  Village: 10387312 Desert: 14357617 Igloo: 14357618 Jungle: 14357619 Swamp: 14357620 Monument: 10387313 Ocean: 14357621 Shipwreck: 165745295 End City: 10387313 Slime: 987234911
[01:52:08] [Server thread/INFO]: Max TNT Explosions: 100
[01:52:08] [Server thread/INFO]: Tile Max Tick Time: 50ms Entity max Tick Time: 50ms
[01:52:08] [Server thread/INFO]: View Distance: 10
[01:52:08] [Server thread/INFO]: Allow Zombie Pigmen to spawn from portal blocks: true
[01:52:08] [Server thread/INFO]: Item Despawn Rate: 6000
[01:52:08] [Server thread/INFO]: Item Merge Radius: 2.5
[01:52:08] [Server thread/INFO]: Arrow Despawn Rate: 1200 Trident Respawn Rate:1200
[01:52:08] [Server thread/INFO]: Zombie Aggressive Towards Villager: true
[01:52:08] [Server thread/INFO]: Nerfing mobs spawned from spawners: false
[01:52:08] [Server thread/INFO]: -------- World Settings For [world_the_end] --------
[01:52:08] [Server thread/INFO]: Mob Spawn Range: 6
[01:52:08] [Server thread/INFO]: Entity Activation Range: An 32 / Mo 32 / Ra 48 / Mi 16 / Tiv true
[01:52:08] [Server thread/INFO]: Entity Tracking Range: Pl 48 / An 48 / Mo 48 / Mi 32 / Other 64
[01:52:08] [Server thread/INFO]: Hopper Transfer: 8 Hopper Check: 1 Hopper Amount: 1
[01:52:08] [Server thread/INFO]: Cactus Growth Modifier: 100%
[01:52:08] [Server thread/INFO]: Cane Growth Modifier: 100%
[01:52:08] [Server thread/INFO]: Melon Growth Modifier: 100%
[01:52:08] [Server thread/INFO]: Mushroom Growth Modifier: 100%
[01:52:08] [Server thread/INFO]: Pumpkin Growth Modifier: 100%
[01:52:08] [Server thread/INFO]: Sapling Growth Modifier: 100%
[01:52:08] [Server thread/INFO]: Beetroot Growth Modifier: 100%
[01:52:08] [Server thread/INFO]: Carrot Growth Modifier: 100%
[01:52:08] [Server thread/INFO]: Potato Growth Modifier: 100%
[01:52:08] [Server thread/INFO]: Wheat Growth Modifier: 100%
[01:52:08] [Server thread/INFO]: NetherWart Growth Modifier: 100%
[01:52:08] [Server thread/INFO]: Vine Growth Modifier: 100%
[01:52:08] [Server thread/INFO]: Cocoa Growth Modifier: 100%
[01:52:08] [Server thread/INFO]: Bamboo Growth Modifier: 100%
[01:52:08] [Server thread/INFO]: SweetBerry Growth Modifier: 100%
[01:52:08] [Server thread/INFO]: Kelp Growth Modifier: 100%
[01:52:08] [Server thread/INFO]: Experience Merge Radius: 3.0
[01:52:08] [Server thread/INFO]: Custom Map Seeds:  Village: 10387312 Desert: 14357617 Igloo: 14357618 Jungle: 14357619 Swamp: 14357620 Monument: 10387313 Ocean: 14357621 Shipwreck: 165745295 End City: 10387313 Slime: 987234911
[01:52:08] [Server thread/INFO]: Max TNT Explosions: 100
[01:52:08] [Server thread/INFO]: Tile Max Tick Time: 50ms Entity max Tick Time: 50ms
[01:52:08] [Server thread/INFO]: View Distance: 10
[01:52:08] [Server thread/INFO]: Allow Zombie Pigmen to spawn from portal blocks: true
[01:52:08] [Server thread/INFO]: Item Despawn Rate: 6000
[01:52:08] [Server thread/INFO]: Item Merge Radius: 2.5
[01:52:08] [Server thread/INFO]: Arrow Despawn Rate: 1200 Trident Respawn Rate:1200
[01:52:08] [Server thread/INFO]: Zombie Aggressive Towards Villager: true
[01:52:08] [Server thread/INFO]: Nerfing mobs spawned from spawners: false
[01:52:08] [Server thread/INFO]: Preparing start region for dimension 'world'/minecraft:overworld
[01:52:09] [Server thread/INFO]: Preparing spawn area: 0%
[01:52:09] [Server thread/INFO]: Preparing spawn area: 0%
[01:52:09] [Server thread/INFO]: Preparing spawn area: 0%
[01:52:09] [Server-Worker-1/INFO]: Preparing spawn area: 0%
[01:52:10] [Server thread/INFO]: Time elapsed: 2234 ms
[01:52:10] [Server thread/INFO]: Preparing start region for dimension 'world_nether'/minecraft:the_nether
[01:52:11] [Server thread/INFO]: Preparing spawn area: 0%
[01:52:11] [Server thread/INFO]: Preparing spawn area: 0%
[01:52:11] [Server thread/INFO]: Preparing spawn area: 0%
[01:52:12] [Server thread/INFO]: Time elapsed: 1446 ms
[01:52:12] [Server thread/INFO]: Preparing start region for dimension 'world_the_end'/minecraft:the_end
[01:52:12] [Server thread/INFO]: Preparing spawn area: 0%
[01:52:12] [Server thread/INFO]: Preparing spawn area: 0%
[01:52:13] [Server-Worker-1/INFO]: Preparing spawn area: 83%
[01:52:13] [Server thread/INFO]: Time elapsed: 1253 ms
[01:52:13] [Server thread/INFO]: Server permissions file permissions.yml is empty, ignoring it
[01:52:13] [Server thread/INFO]: Done (30.036s)! For help, type "help"
[01:52:13] [Server thread/INFO]: Starting GS4 status listener
[01:52:13] [Query Listener #1/INFO]: Query running on 127.0.0.1:20980
